<?xml version="1.0" encoding="UTF-8"?>
<testsuite xmlns:xsi="http://www.w3.org/2001/XMLSchema-instance" xsi:noNamespaceSchemaLocation="https://maven.apache.org/surefire/maven-surefire-plugin/xsd/surefire-test-report-3.0.xsd" version="3.0" name="com.example.ex4.AccountTest" time="0.057" tests="4" errors="0" skipped="0" failures="0">
  <properties>
[...]
</properties>
  <testcase name="testDepositInvalidAmount" classname="com.example.ex4.AccountTest" time="0.03">
    <system-out><![CDATA[>>> @BeforeAll: Executed once before all tests in AccountTest class.
    >>> @BeforeEach: Account initialized for test: ACC123 with balance 100.00
        Test: testDepositInvalidAmount completed.
    >>> @AfterEach: Account object nulled.
]]></system-out>
  </testcase>
  <testcase name="testWithdrawInsufficientFunds" classname="com.example.ex4.AccountTest" time="0.001">
    <system-out><![CDATA[    >>> @BeforeEach: Account initialized for test: ACC123 with balance 100.00
        Test: testWithdrawInsufficientFunds completed.
    >>> @AfterEach: Account object nulled.
]]></system-out>
  </testcase>
  <testcase name="testDepositPositiveAmount" classname="com.example.ex4.AccountTest" time="0.001">
    <system-out><![CDATA[    >>> @BeforeEach: Account initialized for test: ACC123 with balance 100.00
        Test: testDepositPositiveAmount completed.
    >>> @AfterEach: Account object nulled.
]]></system-out>
  </testcase>
  <testcase name="testWithdrawPositiveAmount" classname="com.example.ex4.AccountTest" time="0.001">
    <system-out><![CDATA[    >>> @BeforeEach: Account initialized for test: ACC123 with balance 100.00
        Test: testWithdrawPositiveAmount completed.
    >>> @AfterEach: Account object nulled.
]]></system-out>
  </testcase>
</testsuite>