<?xml version="1.0" encoding="UTF-8"?>
<testsuite xmlns:xsi="http://www.w3.org/2001/XMLSchema-instance" xsi:noNamespaceSchemaLocation="https://maven.apache.org/surefire/maven-surefire-plugin/xsd/surefire-test-report-3.0.xsd" version="3.0" name="com.example.mockito1.OrderProcessorTest" time="0.849" tests="4" errors="0" skipped="0" failures="0">
  <properties>
[...]
</properties>
  <testcase name="testVerifyPaymentCall_Never" classname="com.example.mockito1.OrderProcessorTest" time="0.788">
    <system-out><![CDATA[    Test: testVerifyPaymentCall_Never completed.
]]></system-out>
    <system-err><![CDATA[WARNING: A Java agent has been loaded dynamically (/home/hacksparrow/.m2/repository/net/bytebuddy/byte-buddy-agent/1.14.6/byte-buddy-agent-1.14.6.jar)
WARNING: If a serviceability tool is in use, please run with -XX:+EnableDynamicAgentLoading to hide this warning
WARNING: If a serviceability tool is not in use, please run with -Djdk.instrument.traceUsage for more information
WARNING: Dynamic loading of agents will be disallowed by default in a future release
]]></system-err>
  </testcase>
  <testcase name="testVerifyPremiumPaymentCallWithArguments" classname="com.example.mockito1.OrderProcessorTest" time="0.017">
    <system-out><![CDATA[OrderProcessor: Attempting to process premium payment for order PREM_VERIFY_001 with amount 750.0
OrderProcessor: Premium payment successful for order PREM_VERIFY_001. Transaction ID: TXN_PREM_XYZ
    Test: testVerifyPremiumPaymentCallWithArguments completed.
]]></system-out>
  </testcase>
  <testcase name="testVerifyPaymentCallCount_Success" classname="com.example.mockito1.OrderProcessorTest" time="0.006">
    <system-out><![CDATA[OrderProcessor: Attempting to process payment for order VERIFY001 with amount 200.0
OrderProcessor: Payment successful for order VERIFY001
    Test: testVerifyPaymentCallCount_Success completed.
]]></system-out>
  </testcase>
  <testcase name="testVerifyMultipleInteractions" classname="com.example.mockito1.OrderProcessorTest" time="0.004">
    <system-out><![CDATA[OrderProcessor: Attempting to process payment for order ORDER_A with amount 100.0
OrderProcessor: Payment successful for order ORDER_A
OrderProcessor: Attempting to process payment for order ORDER_B with amount 50.0
OrderProcessor: Payment failed for order ORDER_B
OrderProcessor: Attempting to process payment for order ORDER_C with amount 100.0
OrderProcessor: Payment successful for order ORDER_C
    Test: testVerifyMultipleInteractions completed.
]]></system-out>
  </testcase>
</testsuite>